<?xml version="1.0" encoding="UTF-8"?>
<!-- Generated by org.testng.reporters.JUnitReportReporter -->
<testsuite skipped="0" hostname="LAPTOP-D2KDC28I" name="test.AccountPageTest" tests="1" failures="0" timestamp="2020-05-03T19:07:08 CEST" time="12.283" errors="0">
  <testcase name="verifyNameAccountAfterLogin" time="12.283" classname="test.AccountPageTest"/>
</testsuite> <!-- test.AccountPageTest -->
