<?xml version="1.0" encoding="UTF-8"?>
<!-- Generated by org.testng.reporters.JUnitReportReporter -->
<testsuite skipped="0" hostname="LAPTOP-D2KDC28I" name="test.ProductListPageTest" tests="2" failures="0" timestamp="2020-05-03T19:07:08 CEST" time="22.514" errors="0">
  <testcase name="verifyProductNumber" time="9.947" classname="test.ProductListPageTest"/>
  <testcase name="verifySortProducts" time="12.567" classname="test.ProductListPageTest"/>
</testsuite> <!-- test.ProductListPageTest -->
