<?xml version="1.0" encoding="UTF-8"?>
<!-- Generated by org.testng.reporters.JUnitReportReporter -->
<testsuite skipped="0" hostname="LAPTOP-D2KDC28I" name="test.LoginPageTest" tests="1" failures="0" timestamp="2020-05-04T20:13:32 CEST" time="16.467" errors="0">
  <testcase name="verifyPageTitle" time="16.467" classname="test.LoginPageTest"/>
</testsuite> <!-- test.LoginPageTest -->
