<?xml version="1.0" encoding="UTF-8"?>
<!-- Generated by org.testng.reporters.JUnitReportReporter -->
<testsuite skipped="0" hostname="LAPTOP-D2KDC28I" name="test.OrderConfirmedPageTest" tests="1" failures="0" timestamp="2020-05-03T19:07:08 CEST" time="10.380" errors="0">
  <testcase name="verifyNoOrders" time="10.380" classname="test.OrderConfirmedPageTest"/>
</testsuite> <!-- test.OrderConfirmedPageTest -->
